         CLIPS (V6.24 06/15/06)
CLIPS> CLIPS> Defining deftemplate: world
Defining deftemplate: win
TRUE
CLIPS> Defining deftemplate: path
Defining defrule: clear-world +j
Defining defrule: clear-path +j
Defining defrule: init-pos +j+j
Defining defrule: get-dirs +j+j+j
Defining defrule: compute-jump =j+j+j
=j=j+j
Defining defrule: solutie +j+j
Defining defrule: cleanup-win-path +j+j
Defining defrule: cleanup-win-world =j+j
TRUE
CLIPS> CLIPS> <Fact-1>
CLIPS> <Fact-2>
CLIPS> <Fact-3>
CLIPS> <Fact-4>
CLIPS> CLIPS> STOP_RUN
CLIPS> f-0     (initial-fact)
f-197   (win (id loop1) (moves 4 0 - 4 4 - 4 6 - 4 8 - 1 8 - 1 5 - 4 5 - 8 5 - 11 5 - 13 5 -))
f-262   (win (id loop2) (moves 4 0 - 4 4 - 4 6 - 4 8 - 4 10 - 1 10 - 1 7 - 4 7 - 8 7 - 11 7 - 13 7 -))
f-1069  (win (id loop4) (moves 4 0 - 4 4 - 1 4 - 3 6 - 3 4 - 5 6 - 0 11 - 2 11 - 2 14 - 0 14 - 5 19 - 3 19 - 1 21 - 1 24 - 4 24 - 4 26 - 4 28 - 1 28 - 3 30 - 3 28 - 5 30 - 0 35 - 2 35 - 2 38 - 0 38 - 5 43 - 3 43 - 1 45 - 1 48 - 4 48 - 2 50 - 0 50 - 2 52 - 2 54 - 0 54 - 4 58 - 4 56 - 2 56 - 2 58 - 0 58 - 5 63 - 3 63 - 1 65 - 1 68 - 3 70 - 5 68 - 3 66 - 5 64 - 5 66 - 7 64 - 9 66 - 11 64 - 13 66 -))
For a total of 4 facts.
CLIPS> 